<?xml version="1.0" encoding="UTF-8"?>
<testsuites name="Mocha Tests" time="0.716" tests="16" failures="0">
  <testsuite name="Root Suite" timestamp="2019-07-29T17:36:12" tests="0" failures="0" time="0">
  </testsuite>
  <testsuite name="ElapsedTime" timestamp="2019-07-29T17:36:12" tests="0" file="/Users/cjoakim/github/tcx-js/test/test_etime.js" failures="0" time="0">
  </testsuite>
  <testsuite name="#constructor()" timestamp="2019-07-29T17:36:12" tests="8" file="/Users/cjoakim/github/tcx-js/test/test_etime.js" failures="0" time="0.005">
    <testcase name="ElapsedTime #constructor() It should define constant values" time="0.004" classname="It should define constant values">
    </testcase>
    <testcase name="ElapsedTime #constructor() It should return the correct value for 0 ms" time="0" classname="It should return the correct value for 0 ms">
    </testcase>
    <testcase name="ElapsedTime #constructor() It should return the correct value for 1000 ms" time="0" classname="It should return the correct value for 1000 ms">
    </testcase>
    <testcase name="ElapsedTime #constructor() It should return the correct value for -1000 ms" time="0" classname="It should return the correct value for -1000 ms">
    </testcase>
    <testcase name="ElapsedTime #constructor() It should return the correct value for 62000 ms" time="0.001" classname="It should return the correct value for 62000 ms">
    </testcase>
    <testcase name="ElapsedTime #constructor() It should return the correct value for 3663000 ms" time="0" classname="It should return the correct value for 3663000 ms">
    </testcase>
    <testcase name="ElapsedTime #constructor() It should return the correct value for 3663200 ms" time="0" classname="It should return the correct value for 3663200 ms">
    </testcase>
    <testcase name="ElapsedTime #constructor() It should return the correct value for 3663700.1 ms" time="0" classname="It should return the correct value for 3663700.1 ms">
    </testcase>
  </testsuite>
  <testsuite name="GeoJsonLocation" timestamp="2019-07-29T17:36:12" tests="0" file="/Users/cjoakim/github/tcx-js/test/test_geo.js" failures="0" time="0">
  </testsuite>
  <testsuite name="#constructor()" timestamp="2019-07-29T17:36:12" tests="1" file="/Users/cjoakim/github/tcx-js/test/test_geo.js" failures="0" time="0.001">
    <testcase name="GeoJsonLocation #constructor() It should return the correct value for Davidson College" time="0.001" classname="It should return the correct value for Davidson College">
    </testcase>
  </testsuite>
  <testsuite name="Parser" timestamp="2019-07-29T17:36:12" tests="0" file="/Users/cjoakim/github/tcx-js/test/test_parser.js" failures="0" time="0">
  </testsuite>
  <testsuite name="#constructor()" timestamp="2019-07-29T17:36:12" tests="3" file="/Users/cjoakim/github/tcx-js/test/test_parser.js" failures="0" time="0.71">
    <testcase name="Parser #constructor() defines a VERSION" time="0" classname="defines a VERSION">
    </testcase>
    <testcase name="Parser #constructor() It should return the correct value for file activity_twin_cities_marathon.tcx" time="0.288" classname="It should return the correct value for file activity_twin_cities_marathon.tcx">
    </testcase>
    <testcase name="Parser #constructor() It should return the correct value for file alex_bike_outside.tcx" time="0.422" classname="It should return the correct value for file alex_bike_outside.tcx">
    </testcase>
  </testsuite>
  <testsuite name="Timestamp" timestamp="2019-07-29T17:36:12" tests="0" file="/Users/cjoakim/github/tcx-js/test/test_ts.js" failures="0" time="0">
  </testsuite>
  <testsuite name="#constructor()" timestamp="2019-07-29T17:36:12" tests="4" file="/Users/cjoakim/github/tcx-js/test/test_ts.js" failures="0" time="0">
    <testcase name="Timestamp #constructor() It should return the correct value for 1970-01-01T00:00:00.000Z" time="0" classname="It should return the correct value for 1970-01-01T00:00:00.000Z">
    </testcase>
    <testcase name="Timestamp #constructor() It should return the correct value for 1970-01-01T00:00:01.000Z" time="0" classname="It should return the correct value for 1970-01-01T00:00:01.000Z">
    </testcase>
    <testcase name="Timestamp #constructor() It should return the correct value for 1970-01-01T00:00:01.234Z" time="0" classname="It should return the correct value for 1970-01-01T00:00:01.234Z">
    </testcase>
    <testcase name="Timestamp #constructor() It should return the correct value for 2014-10-05T17:10:36.000Z" time="0" classname="It should return the correct value for 2014-10-05T17:10:36.000Z">
    </testcase>
  </testsuite>
</testsuites>