{
  "RSpec": {
    "coverage": {
      "/cjoakim/github/cjoakim/ruby/gooby3/lib/gooby.rb": [
        null,
        null,
        null,
        null,
        null,
        null,
        null,
        1,
        1,
        1,
        1,
        1,
        1,
        1,
        1,
        1,
        1,
        null,
        null,
        1,
        1,
        1,
        1,
        1,
        1,
        1,
        1,
        1
      ],
      "/cjoakim/github/cjoakim/ruby/gooby3/lib/constants.rb": [
        null,
        null,
        null,
        null,
        null,
        null,
        null,
        1,
        null,
        1,
        null,
        1,
        1,
        1,
        1,
        1,
        1,
        1,
        1,
        1,
        1,
        1,
        1,
        null,
        null,
        null
      ],
      "/cjoakim/github/cjoakim/ruby/gooby3/lib/config.rb": [
        null,
        null,
        null,
        null,
        null,
        null,
        null,
        null,
        null,
        null,
        null,
        null,
        null,
        1,
        null,
        1,
        null,
        1,
        null,
        1,
        null,
        1,
        4,
        4,
        3,
        3,
        3,
        null,
        1,
        1,
        1,
        null,
        null,
        null,
        1,
        5,
        null,
        null,
        1,
        3,
        null,
        null,
        1,
        2,
        null,
        null,
        1,
        2,
        null,
        null,
        1,
        2,
        null,
        null,
        1,
        2,
        null,
        null,
        1,
        2,
        null,
        null,
        1,
        2,
        null,
        null,
        1,
        2,
        null,
        null,
        1,
        2,
        null,
        null,
        1,
        2,
        null,
        null,
        1,
        2,
        null,
        null,
        1,
        2,
        null,
        null,
        1,
        7,
        null,
        null,
        1,
        10,
        null,
        null,
        null,
        null,
        null
      ],
      "/cjoakim/github/cjoakim/ruby/gooby3/lib/xml_document.rb": [
        null,
        null,
        null,
        null,
        null,
        null,
        null,
        null,
        null,
        null,
        null,
        1,
        null,
        1,
        null,
        1,
        null,
        1,
        1,
        1,
        null,
        1,
        7,
        7,
        7,
        null,
        null,
        1,
        5,
        5,
        5,
        3,
        3,
        3353,
        3353,
        3353,
        35772,
        35772,
        35772,
        null,
        null,
        null,
        3,
        3,
        3353,
        3353,
        12,
        12,
        null,
        null,
        null,
        null,
        null,
        1,
        4,
        null,
        null,
        1,
        43633,
        null,
        null,
        1,
        0,
        null,
        null,
        1,
        12521,
        null,
        null,
        1,
        9,
        null,
        null,
        1,
        43637,
        43637,
        36650,
        null,
        6987,
        null,
        null,
        null,
        null,
        null,
        null,
        null
      ],
      "/cjoakim/github/cjoakim/ruby/gooby3/lib/xml_parser.rb": [
        null,
        null,
        null,
        null,
        null,
        null,
        null,
        null,
        null,
        null,
        null,
        1,
        null,
        1,
        null,
        1,
        null,
        1,
        1,
        null,
        1,
        null,
        null,
        1,
        1,
        1,
        1,
        1,
        null,
        null,
        null,
        null,
        null,
        null,
        null,
        null,
        null,
        1,
        4,
        4,
        3,
        null,
        1,
        null,
        null,
        null,
        1,
        null,
        1,
        1,
        1,
        null,
        null,
        1,
        1,
        1,
        1,
        1,
        1,
        1,
        null,
        null,
        null,
        null,
        null
      ],
      "/cjoakim/github/cjoakim/ruby/gooby3/lib/date_time.rb": [
        null,
        null,
        null,
        null,
        null,
        null,
        null,
        null,
        null,
        null,
        null,
        null,
        null,
        1,
        null,
        1,
        null,
        1,
        null,
        1,
        null,
        1,
        null,
        null,
        1,
        5612,
        5612,
        5611,
        5611,
        5609,
        2,
        2,
        null,
        null,
        null,
        null,
        1,
        14566,
        null,
        null,
        1,
        6714,
        null,
        null,
        1,
        5,
        null,
        null,
        1,
        3,
        null,
        null,
        1,
        1,
        null,
        null,
        1,
        3,
        null,
        null,
        1,
        5602,
        5601,
        null,
        1,
        null,
        null,
        null,
        1,
        3359,
        3358,
        3358,
        3358,
        3358,
        3358,
        3358,
        3358,
        null,
        1,
        null,
        null,
        null,
        1,
        1,
        null,
        null,
        1,
        null,
        1,
        6716,
        1394,
        null,
        5322,
        null,
        null,
        null,
        null,
        null,
        null
      ],
      "/cjoakim/github/cjoakim/ruby/gooby3/lib/gpx_document.rb": [
        null,
        null,
        null,
        null,
        null,
        null,
        null,
        null,
        null,
        null,
        null,
        null,
        null,
        1,
        null,
        1,
        null,
        1,
        1161,
        null,
        null,
        1,
        3498,
        3498,
        1159,
        1159,
        3477,
        null,
        null,
        null,
        1,
        3495,
        2,
        null,
        1159,
        1159,
        null,
        1,
        null,
        2318,
        2318,
        null,
        null,
        3495,
        null,
        null,
        1,
        2,
        2,
        2222,
        null,
        2,
        2,
        2,
        2,
        2,
        2,
        1,
        null,
        1,
        null,
        null,
        null,
        null,
        null,
        null
      ],
      "/cjoakim/github/cjoakim/ruby/gooby3/lib/tcx_document.rb": [
        null,
        null,
        null,
        null,
        null,
        null,
        null,
        null,
        null,
        null,
        null,
        1,
        null,
        1,
        null,
        1,
        2294,
        null,
        null,
        1,
        18333,
        18333,
        18333,
        2291,
        2291,
        2291,
        null,
        null,
        null,
        1,
        18327,
        18327,
        3,
        null,
        2290,
        2290,
        null,
        2,
        null,
        10215,
        10198,
        null,
        null,
        18327,
        null,
        null,
        1,
        3,
        3,
        3363,
        null,
        3,
        3,
        3,
        3,
        3,
        3,
        2,
        null,
        1,
        null,
        null,
        null,
        null,
        null,
        null
      ],
      "/cjoakim/github/cjoakim/ruby/gooby3/lib/trackpoint.rb": [
        null,
        null,
        null,
        null,
        null,
        null,
        null,
        null,
        null,
        null,
        null,
        null,
        null,
        1,
        null,
        1,
        null,
        1,
        null,
        1,
        null,
        1,
        4582,
        4582,
        1122,
        12348,
        null,
        null,
        null,
        null,
        1,
        3355,
        3355,
        2244,
        11220,
        1230,
        null,
        null,
        null,
        1111,
        2222,
        0,
        null,
        null,
        null,
        3355,
        3355,
        3355,
        null,
        null,
        1,
        31201,
        null,
        null,
        1,
        38136,
        null,
        null,
        1,
        5588,
        null,
        null,
        1,
        1,
        null,
        null,
        1,
        5625,
        5625,
        2236,
        null,
        5625,
        null,
        null,
        1,
        5614,
        5614,
        2235,
        null,
        5614,
        null,
        null,
        1,
        5588,
        5588,
        2223,
        null,
        5588,
        1,
        null,
        5588,
        null,
        null,
        1,
        1,
        null,
        null,
        1,
        7844,
        null,
        null,
        1,
        8942,
        null,
        null,
        1,
        1111,
        null,
        null,
        1,
        1683,
        null,
        null,
        1,
        3364,
        null,
        null,
        1,
        2,
        null,
        null,
        1,
        2,
        2,
        2,
        2,
        null,
        null,
        1,
        7,
        7,
        7,
        7,
        null,
        null,
        1,
        9,
        9,
        9,
        36,
        0,
        null,
        9,
        null,
        27,
        null,
        null,
        null,
        null,
        1,
        3,
        null,
        null,
        1,
        5587,
        5587,
        5587,
        5587,
        5587,
        5587,
        5587,
        5587,
        5587,
        5587,
        5587,
        5587,
        5587,
        3365,
        null,
        5587,
        null,
        null,
        1,
        564,
        null,
        null,
        1,
        3355,
        3355,
        3355,
        3355,
        3355,
        null,
        null,
        null,
        null,
        1,
        3355,
        3355,
        2240,
        null,
        1115,
        null,
        null,
        null,
        1,
        13,
        12,
        8,
        6,
        null,
        1,
        null,
        null,
        null,
        1,
        4,
        3,
        3,
        3,
        null,
        1,
        null,
        null,
        null,
        1,
        3,
        1,
        null,
        2,
        2,
        2,
        2,
        2,
        2,
        2,
        2,
        2,
        2,
        2,
        2,
        null,
        2,
        2,
        2,
        2,
        2,
        2,
        2,
        2,
        0,
        null,
        0,
        null,
        null,
        null,
        null,
        2,
        null,
        0,
        null,
        null,
        0,
        null,
        null,
        null,
        1,
        10,
        null,
        null,
        1,
        2,
        null,
        null,
        1,
        3355,
        2240,
        2240,
        2240,
        2240,
        2240,
        2240,
        2240,
        2240,
        59,
        null,
        2181,
        null,
        2240,
        2240,
        2240,
        2240,
        null,
        1115,
        1115,
        null,
        null,
        null,
        null,
        null,
        null
      ],
      "/cjoakim/github/cjoakim/ruby/gooby3/lib/gmap_generator.rb": [
        null,
        null,
        null,
        null,
        null,
        null,
        null,
        null,
        null,
        null,
        null,
        null,
        null,
        1,
        null,
        1,
        null,
        1,
        null,
        1,
        null,
        null,
        1,
        1,
        1,
        1,
        1,
        1,
        1,
        1,
        1,
        1121,
        null,
        1,
        1,
        null,
        null,
        null,
        null,
        1,
        1,
        null,
        null,
        1,
        1,
        1,
        1,
        1,
        1,
        null,
        0,
        null,
        null,
        null,
        0,
        null,
        null,
        null,
        null,
        1,
        1,
        1,
        1,
        1,
        null,
        1,
        1121,
        1121,
        2,
        null,
        6,
        6,
        null,
        555,
        555,
        null,
        null,
        1,
        1,
        1121,
        null,
        1,
        null,
        null,
        1,
        1,
        1,
        1,
        1,
        1,
        1,
        1,
        1,
        1,
        1,
        1,
        1,
        1,
        1,
        1,
        1,
        1,
        1,
        null,
        null,
        1,
        null,
        null,
        1,
        1,
        1,
        1,
        1,
        1,
        1,
        1,
        1,
        1,
        null,
        1,
        1,
        1,
        1,
        null,
        1,
        1,
        1,
        1,
        1,
        1,
        null,
        null,
        1,
        1,
        1,
        null,
        null,
        1,
        1,
        1,
        1121,
        563,
        null,
        null,
        1,
        null,
        null,
        1,
        1,
        1,
        1,
        1,
        1,
        1,
        1,
        null,
        null,
        1,
        1,
        1,
        1,
        null,
        null,
        null,
        1,
        1,
        1,
        1121,
        6,
        6,
        null,
        null,
        null,
        null,
        null,
        1,
        8,
        8,
        8,
        8,
        8,
        8,
        8,
        8,
        8,
        8,
        8,
        8,
        8,
        8,
        8,
        null,
        null,
        1,
        722,
        null,
        null,
        1,
        1,
        1,
        1,
        null,
        0,
        null,
        null,
        null,
        1,
        1,
        723,
        1,
        1,
        1,
        1,
        1,
        1,
        null,
        null,
        null,
        null,
        null,
        null
      ]
    },
    "timestamp": 1342859194
  }
}
